0.000000 3.999936 -0.016000
0.039960 3.448710 -0.011894
0.079920 3.031009 -0.009187
0.119880 2.703559 -0.007309
0.159840 2.439961 -0.005953
0.199800 2.223198 -0.004943
0.239760 2.041807 -0.004169
0.279720 1.887782 -0.003564
0.319680 1.755365 -0.003081
0.359640 1.640307 -0.002691
0.399600 1.539404 -0.002370
0.439560 1.450196 -0.002103
0.479520 1.370761 -0.001879
0.519481 1.299576 -0.001689
0.559441 1.235419 -0.001526
0.599401 1.177299 -0.001386
0.639361 1.124402 -0.001264
0.679321 1.076054 -0.001158
0.719281 1.031692 -0.001064
0.759241 0.990843 -0.000982
0.799201 0.953106 -0.000908
0.839161 0.918137 -0.000843
0.879121 0.885644 -0.000784
0.919081 0.855372 -0.000732
0.959041 0.827101 -0.000684
0.999001 0.800639 -0.000641
1.038961 0.775818 -0.000602
1.078921 0.752490 -0.000566
1.118881 0.730523 -0.000534
1.158841 0.709803 -0.000504
1.198801 0.690225 -0.000476
1.238761 0.671699 -0.000451
1.278721 0.654141 -0.000428
1.318681 0.637478 -0.000406
1.358641 0.621642 -0.000386
1.398601 0.606575 -0.000368
1.438561 0.592220 -0.000351
1.478521 0.578529 -0.000335
1.518482 0.565457 -0.000320
1.558442 0.552962 -0.000306
1.598402 0.541008 -0.000293
1.638362 0.529559 -0.000280
1.678322 0.518586 -0.000269
1.718282 0.508057 -0.000258
1.758242 0.497948 -0.000248
1.798202 0.488233 -0.000238
1.838162 0.478890 -0.000229
1.878122 0.469898 -0.000221
1.918082 0.461237 -0.000213
1.958042 0.452890 -0.000205
1.998002 0.444839 -0.000198
2.037962 0.437070 -0.000191
2.077922 0.429568 -0.000185
2.117882 0.422318 -0.000178
2.157842 0.415310 -0.000172
2.197802 0.408530 -0.000167
2.237762 0.401968 -0.000162
2.277722 0.395613 -0.000157
2.317682 0.389456 -0.000152
2.357642 0.383488 -0.000147
2.397602 0.377700 -0.000143
2.437562 0.372084 -0.000138
2.477522 0.366633 -0.000134
2.517483 0.361339 -0.000131
2.557443 0.356196 -0.000127
2.597403 0.351197 -0.000123
2.637363 0.346337 -0.000120
2.677323 0.341609 -0.000117
2.717283 0.337009 -0.000114
2.757243 0.332530 -0.000111
2.797203 0.328170 -0.000108
2.837163 0.323922 -0.000105
2.877123 0.319783 -0.000102
2.917083 0.315748 -0.000100
2.957043 0.311814 -0.000097
2.997003 0.307976 -0.000095
3.036963 0.304232 -0.000093
3.076923 0.300578 -0.000090
3.116883 0.297011 -0.000088
3.156843 0.293527 -0.000086
3.196803 0.290124 -0.000084
3.236763 0.286799 -0.000082
3.276723 0.283549 -0.000080
3.316683 0.280373 -0.000079
3.356643 0.277266 -0.000077
3.396603 0.274228 -0.000075
3.436563 0.271255 -0.000074
3.476523 0.268347 -0.000072
3.516484 0.265500 -0.000070
3.556444 0.262712 -0.000069
3.596404 0.259983 -0.000068
3.636364 0.257310 -0.000066
3.676324 0.254691 -0.000065
3.716284 0.252125 -0.000064
3.756244 0.249610 -0.000062
3.796204 0.247145 -0.000061
3.836164 0.244728 -0.000060
3.876124 0.242358 -0.000059
3.916084 0.240034 -0.000058
3.956044 0.237753 -0.000057
3.996004 0.235516 -0.000055
4.035964 0.233320 -0.000054
4.075924 0.231164 -0.000053
4.115884 0.229049 -0.000052
4.155844 0.226971 -0.000052
4.195804 0.224931 -0.000051
4.235764 0.222927 -0.000050
4.275724 0.220959 -0.000049
4.315684 0.219025 -0.000048
4.355644 0.217125 -0.000047
4.395604 0.215257 -0.000046
4.435564 0.213421 -0.000046
4.475524 0.211617 -0.000045
4.515485 0.209842 -0.000044
4.555445 0.208097 -0.000043
4.595405 0.206381 -0.000043
4.635365 0.204693 -0.000042
4.675325 0.203032 -0.000041
4.715285 0.201398 -0.000041
4.755245 0.199790 -0.000040
4.795205 0.198208 -0.000039
4.835165 0.196650 -0.000039
4.875125 0.195117 -0.000038
4.915085 0.193608 -0.000037
4.955045 0.192121 -0.000037
4.995005 0.190658 -0.000036
5.034965 0.189216 -0.000036
5.074925 0.187796 -0.000035
5.114885 0.186397 -0.000035
5.154845 0.185019 -0.000034
5.194805 0.183661 -0.000034
5.234765 0.182323 -0.000033
5.274725 0.181004 -0.000033
5.314685 0.179705 -0.000032
5.354645 0.178423 -0.000032
5.394605 0.177160 -0.000031
5.434565 0.175915 -0.000031
5.474525 0.174687 -0.000031
5.514486 0.173476 -0.000030
5.554446 0.172282 -0.000030
5.594406 0.171104 -0.000029
5.634366 0.169942 -0.000029
5.674326 0.168796 -0.000028
5.714286 0.167665 -0.000028
5.754246 0.166549 -0.000028
5.794206 0.165448 -0.000027
5.834166 0.164361 -0.000027
5.874126 0.163289 -0.000027
5.914086 0.162230 -0.000026
5.954046 0.161185 -0.000026
5.994006 0.160154 -0.000026
6.033966 0.159135 -0.000025
6.073926 0.158130 -0.000025
6.113886 0.157137 -0.000025
6.153846 0.156156 -0.000024
6.193806 0.155188 -0.000024
6.233766 0.154231 -0.000024
6.273726 0.153287 -0.000023
6.313686 0.152353 -0.000023
6.353646 0.151431 -0.000023
6.393606 0.150521 -0.000023
6.433566 0.149621 -0.000022
6.473526 0.148731 -0.000022
6.513487 0.147853 -0.000022
6.553447 0.146984 -0.000022
6.593407 0.146126 -0.000021
6.633367 0.145278 -0.000021
6.673327 0.144439 -0.000021
6.713287 0.143610 -0.000021
6.753247 0.142791 -0.000020
6.793207 0.141981 -0.000020
6.833167 0.141180 -0.000020
6.873127 0.140388 -0.000020
6.913087 0.139605 -0.000019
6.953047 0.138830 -0.000019
6.993007 0.138064 -0.000019
7.032967 0.137307 -0.000019
7.072927 0.136557 -0.000019
7.112887 0.135816 -0.000018
7.152847 0.135083 -0.000018
7.192807 0.134358 -0.000018
7.232767 0.133640 -0.000018
7.272727 0.132931 -0.000018
7.312687 0.132228 -0.000017
7.352647 0.131533 -0.000017
7.392607 0.130845 -0.000017
7.432567 0.130165 -0.000017
7.472527 0.129491 -0.000017
7.512488 0.128825 -0.000017
7.552448 0.128165 -0.000016
7.592408 0.127512 -0.000016
7.632368 0.126865 -0.000016
7.672328 0.126226 -0.000016
7.712288 0.125592 -0.000016
7.752248 0.124965 -0.000016
7.792208 0.124344 -0.000015
7.832168 0.123729 -0.000015
7.872128 0.123120 -0.000015
7.912088 0.122518 -0.000015
7.952048 0.121921 -0.000015
7.992008 0.121330 -0.000015
8.031968 0.120744 -0.000015
8.071928 0.120164 -0.000014
8.111888 0.119590 -0.000014
8.151848 0.119021 -0.000014
8.191808 0.118458 -0.000014
8.231768 0.117900 -0.000014
8.271728 0.117347 -0.000014
8.311688 0.116799 -0.000014
8.351648 0.116257 -0.000014
8.391608 0.115719 -0.000013
8.431568 0.115187 -0.000013
8.471528 0.114659 -0.000013
8.511489 0.114136 -0.000013
8.551449 0.113618 -0.000013
8.591409 0.113104 -0.000013
8.631369 0.112595 -0.000013
8.671329 0.112091 -0.000013
8.711289 0.111591 -0.000012
8.751249 0.111096 -0.000012
8.791209 0.110605 -0.000012
8.831169 0.110118 -0.000012
8.871129 0.109636 -0.000012
8.911089 0.109157 -0.000012
8.951049 0.108683 -0.000012
8.991009 0.108213 -0.000012
9.030969 0.107747 -0.000012
9.070929 0.107285 -0.000012
9.110889 0.106827 -0.000011
9.150849 0.106373 -0.000011
9.190809 0.105923 -0.000011
9.230769 0.105477 -0.000011
9.270729 0.105034 -0.000011
9.310689 0.104595 -0.000011
9.350649 0.104160 -0.000011
9.390609 0.103728 -0.000011
9.430569 0.103300 -0.000011
9.470529 0.102875 -0.000011
9.510490 0.102454 -0.000010
9.550450 0.102036 -0.000010
9.590410 0.101622 -0.000010
9.630370 0.101211 -0.000010
9.670330 0.100803 -0.000010
9.710290 0.100399 -0.000010
9.750250 0.099998 -0.000010
9.790210 0.099600 -0.000010
9.830170 0.099205 -0.000010
9.870130 0.098813 -0.000010
9.910090 0.098424 -0.000010
9.950050 0.098039 -0.000010
9.990010 0.097656 -0.000010
10.029970 0.097277 -0.000009
10.069930 0.096900 -0.000009
10.109890 0.096526 -0.000009
10.149850 0.096155 -0.000009
10.189810 0.095787 -0.000009
10.229770 0.095422 -0.000009
10.269730 0.095059 -0.000009
10.309690 0.094700 -0.000009
10.349650 0.094343 -0.000009
10.389610 0.093988 -0.000009
10.429570 0.093637 -0.000009
10.469530 0.093288 -0.000009
10.509491 0.092941 -0.000009
10.549451 0.092597 -0.000009
10.589411 0.092256 -0.000009
10.629371 0.091917 -0.000008
10.669331 0.091581 -0.000008
10.709291 0.091247 -0.000008
10.749251 0.090915 -0.000008
10.789211 0.090586 -0.000008
10.829171 0.090259 -0.000008
10.869131 0.089935 -0.000008
10.909091 0.089613 -0.000008
10.949051 0.089293 -0.000008
10.989011 0.088976 -0.000008
11.028971 0.088661 -0.000008
11.068931 0.088348 -0.000008
11.108891 0.088037 -0.000008
11.148851 0.087728 -0.000008
11.188811 0.087422 -0.000008
11.228771 0.087117 -0.000008
11.268731 0.086815 -0.000008
11.308691 0.086515 -0.000007
11.348651 0.086217 -0.000007
11.388611 0.085921 -0.000007
11.428571 0.085627 -0.000007
11.468531 0.085335 -0.000007
11.508492 0.085045 -0.000007
11.548452 0.084757 -0.000007
11.588412 0.084471 -0.000007
11.628372 0.084187 -0.000007
11.668332 0.083904 -0.000007
11.708292 0.083624 -0.000007
11.748252 0.083345 -0.000007
11.788212 0.083069 -0.000007
11.828172 0.082794 -0.000007
11.868132 0.082521 -0.000007
11.908092 0.082250 -0.000007
11.948052 0.081980 -0.000007
11.988012 0.081713 -0.000007
12.027972 0.081447 -0.000007
12.067932 0.081182 -0.000007
12.107892 0.080920 -0.000007
12.147852 0.080659 -0.000007
12.187812 0.080400 -0.000006
12.227772 0.080143 -0.000006
12.267732 0.079887 -0.000006
12.307692 0.079632 -0.000006
12.347652 0.079380 -0.000006
12.387612 0.079129 -0.000006
12.427572 0.078879 -0.000006
12.467532 0.078632 -0.000006
12.507493 0.078385 -0.000006
12.547453 0.078141 -0.000006
12.587413 0.077897 -0.000006
12.627373 0.077656 -0.000006
12.667333 0.077415 -0.000006
12.707293 0.077177 -0.000006
12.747253 0.076939 -0.000006
12.787213 0.076704 -0.000006
12.827173 0.076469 -0.000006
12.867133 0.076236 -0.000006
12.907093 0.076005 -0.000006
12.947053 0.075774 -0.000006
12.987013 0.075546 -0.000006
13.026973 0.075318 -0.000006
13.066933 0.075092 -0.000006
13.106893 0.074868 -0.000006
13.146853 0.074644 -0.000006
13.186813 0.074422 -0.000006
13.226773 0.074202 -0.000006
13.266733 0.073982 -0.000005
13.306693 0.073764 -0.000005
13.346653 0.073548 -0.000005
13.386613 0.073332 -0.000005
13.426573 0.073118 -0.000005
13.466533 0.072905 -0.000005
13.506494 0.072693 -0.000005
13.546454 0.072482 -0.000005
13.586414 0.072273 -0.000005
13.626374 0.072065 -0.000005
13.666334 0.071858 -0.000005
13.706294 0.071652 -0.000005
13.746254 0.071448 -0.000005
13.786214 0.071244 -0.000005
13.826174 0.071042 -0.000005
13.866134 0.070841 -0.000005
13.906094 0.070641 -0.000005
13.946054 0.070442 -0.000005
13.986014 0.070244 -0.000005
14.025974 0.070048 -0.000005
14.065934 0.069852 -0.000005
14.105894 0.069658 -0.000005
14.145854 0.069464 -0.000005
14.185814 0.069272 -0.000005
14.225774 0.069081 -0.000005
14.265734 0.068891 -0.000005
14.305694 0.068702 -0.000005
14.345654 0.068514 -0.000005
14.385614 0.068326 -0.000005
14.425574 0.068140 -0.000005
14.465534 0.067955 -0.000005
14.505495 0.067771 -0.000005
14.545455 0.067588 -0.000005
14.585415 0.067406 -0.000005
14.625375 0.067225 -0.000005
14.665335 0.067045 -0.000004
14.705295 0.066866 -0.000004
14.745255 0.066688 -0.000004
14.785215 0.066511 -0.000004
14.825175 0.066334 -0.000004
14.865135 0.066159 -0.000004
14.905095 0.065984 -0.000004
14.945055 0.065811 -0.000004
14.985015 0.065638 -0.000004
15.024975 0.065467 -0.000004
15.064935 0.065296 -0.000004
15.104895 0.065126 -0.000004
15.144855 0.064957 -0.000004
15.184815 0.064789 -0.000004
15.224775 0.064621 -0.000004
15.264735 0.064455 -0.000004
15.304695 0.064289 -0.000004
15.344655 0.064125 -0.000004
15.384615 0.063961 -0.000004
15.424575 0.063798 -0.000004
15.464535 0.063635 -0.000004
15.504496 0.063474 -0.000004
15.544456 0.063313 -0.000004
15.584416 0.063154 -0.000004
15.624376 0.062995 -0.000004
15.664336 0.062836 -0.000004
15.704296 0.062679 -0.000004
15.744256 0.062522 -0.000004
15.784216 0.062367 -0.000004
15.824176 0.062212 -0.000004
15.864136 0.062057 -0.000004
15.904096 0.061904 -0.000004
15.944056 0.061751 -0.000004
15.984016 0.061599 -0.000004
16.023976 0.061448 -0.000004
16.063936 0.061297 -0.000004
16.103896 0.061148 -0.000004
16.143856 0.060998 -0.000004
16.183816 0.060850 -0.000004
16.223776 0.060703 -0.000004
16.263736 0.060556 -0.000004
16.303696 0.060409 -0.000004
16.343656 0.060264 -0.000004
16.383616 0.060119 -0.000004
16.423576 0.059975 -0.000004
16.463536 0.059832 -0.000004
16.503497 0.059689 -0.000004
16.543457 0.059547 -0.000004
16.583417 0.059406 -0.000004
16.623377 0.059265 -0.000004
16.663337 0.059125 -0.000003
16.703297 0.058986 -0.000003
16.743257 0.058847 -0.000003
16.783217 0.058709 -0.000003
16.823177 0.058571 -0.000003
16.863137 0.058435 -0.000003
16.903097 0.058299 -0.000003
16.943057 0.058163 -0.000003
16.983017 0.058028 -0.000003
17.022977 0.057894 -0.000003
17.062937 0.057760 -0.000003
17.102897 0.057627 -0.000003
17.142857 0.057495 -0.000003
17.182817 0.057363 -0.000003
17.222777 0.057232 -0.000003
17.262737 0.057101 -0.000003
17.302697 0.056971 -0.000003
17.342657 0.056842 -0.000003
17.382617 0.056713 -0.000003
17.422577 0.056585 -0.000003
17.462537 0.056457 -0.000003
17.502498 0.056330 -0.000003
17.542458 0.056204 -0.000003
17.582418 0.056078 -0.000003
17.622378 0.055952 -0.000003
17.662338 0.055827 -0.000003
17.702298 0.055703 -0.000003
17.742258 0.055579 -0.000003
17.782218 0.055456 -0.000003
17.822178 0.055334 -0.000003
17.862138 0.055212 -0.000003
17.902098 0.055090 -0.000003
17.942058 0.054969 -0.000003
17.982018 0.054849 -0.000003
18.021978 0.054729 -0.000003
18.061938 0.054609 -0.000003
18.101898 0.054490 -0.000003
18.141858 0.054372 -0.000003
18.181818 0.054254 -0.000003
18.221778 0.054137 -0.000003
18.261738 0.054020 -0.000003
18.301698 0.053903 -0.000003
18.341658 0.053788 -0.000003
18.381618 0.053672 -0.000003
18.421578 0.053557 -0.000003
18.461538 0.053443 -0.000003
18.501499 0.053329 -0.000003
18.541459 0.053216 -0.000003
18.581419 0.053103 -0.000003
18.621379 0.052990 -0.000003
18.661339 0.052878 -0.000003
18.701299 0.052767 -0.000003
18.741259 0.052656 -0.000003
18.781219 0.052545 -0.000003
18.821179 0.052435 -0.000003
18.861139 0.052326 -0.000003
18.901099 0.052216 -0.000003
18.941059 0.052108 -0.000003
18.981019 0.051999 -0.000003
19.020979 0.051891 -0.000003
19.060939 0.051784 -0.000003
19.100899 0.051677 -0.000003
19.140859 0.051571 -0.000003
19.180819 0.051465 -0.000003
19.220779 0.051359 -0.000003
19.260739 0.051254 -0.000003
19.300699 0.051149 -0.000003
19.340659 0.051045 -0.000003
19.380619 0.050941 -0.000003
19.420579 0.050837 -0.000003
19.460539 0.050734 -0.000003
19.500500 0.050632 -0.000003
19.540460 0.050529 -0.000003
19.580420 0.050428 -0.000003
19.620380 0.050326 -0.000003
19.660340 0.050225 -0.000003
19.700300 0.050125 -0.000003
19.740260 0.050024 -0.000003
19.780220 0.049925 -0.000002
19.820180 0.049825 -0.000002
19.860140 0.049726 -0.000002
19.900100 0.049628 -0.000002
19.940060 0.049529 -0.000002
19.980020 0.049431 -0.000002
-19.980020 -0.050684 -0.000003
-19.940060 -0.050787 -0.000003
-19.900100 -0.050890 -0.000003
-19.860140 -0.050994 -0.000003
-19.820180 -0.051098 -0.000003
-19.780220 -0.051203 -0.000003
-19.740260 -0.051308 -0.000003
-19.700300 -0.051413 -0.000003
-19.660340 -0.051519 -0.000003
-19.620380 -0.051625 -0.000003
-19.580420 -0.051732 -0.000003
-19.540460 -0.051839 -0.000003
-19.500500 -0.051947 -0.000003
-19.460539 -0.052055 -0.000003
-19.420579 -0.052163 -0.000003
-19.380619 -0.052272 -0.000003
-19.340659 -0.052382 -0.000003
-19.300699 -0.052492 -0.000003
-19.260739 -0.052602 -0.000003
-19.220779 -0.052713 -0.000003
-19.180819 -0.052824 -0.000003
-19.140859 -0.052936 -0.000003
-19.100899 -0.053048 -0.000003
-19.060939 -0.053161 -0.000003
-19.020979 -0.053274 -0.000003
-18.981019 -0.053387 -0.000003
-18.941059 -0.053502 -0.000003
-18.901099 -0.053616 -0.000003
-18.861139 -0.053731 -0.000003
-18.821179 -0.053847 -0.000003
-18.781219 -0.053963 -0.000003
-18.741259 -0.054080 -0.000003
-18.701299 -0.054197 -0.000003
-18.661339 -0.054314 -0.000003
-18.621379 -0.054432 -0.000003
-18.581419 -0.054551 -0.000003
-18.541459 -0.054670 -0.000003
-18.501499 -0.054790 -0.000003
-18.461538 -0.054910 -0.000003
-18.421578 -0.055031 -0.000003
-18.381618 -0.055152 -0.000003
-18.341658 -0.055274 -0.000003
-18.301698 -0.055396 -0.000003
-18.261738 -0.055519 -0.000003
-18.221778 -0.055643 -0.000003
-18.181818 -0.055767 -0.000003
-18.141858 -0.055891 -0.000003
-18.101898 -0.056016 -0.000003
-18.061938 -0.056142 -0.000003
-18.021978 -0.056268 -0.000003
-17.982018 -0.056395 -0.000003
-17.942058 -0.056523 -0.000003
-17.902098 -0.056650 -0.000003
-17.862138 -0.056779 -0.000003
-17.822178 -0.056908 -0.000003
-17.782218 -0.057038 -0.000003
-17.742258 -0.057168 -0.000003
-17.702298 -0.057299 -0.000003
-17.662338 -0.057431 -0.000003
-17.622378 -0.057563 -0.000003
-17.582418 -0.057695 -0.000003
-17.542458 -0.057829 -0.000003
-17.502498 -0.057963 -0.000003
-17.462537 -0.058097 -0.000003
-17.422577 -0.058232 -0.000003
-17.382617 -0.058368 -0.000003
-17.342657 -0.058505 -0.000003
-17.302697 -0.058642 -0.000003
-17.262737 -0.058779 -0.000003
-17.222777 -0.058918 -0.000003
-17.182817 -0.059057 -0.000003
-17.142857 -0.059197 -0.000004
-17.102897 -0.059337 -0.000004
-17.062937 -0.059478 -0.000004
-17.022977 -0.059620 -0.000004
-16.983017 -0.059762 -0.000004
-16.943057 -0.059905 -0.000004
-16.903097 -0.060049 -0.000004
-16.863137 -0.060193 -0.000004
-16.823177 -0.060338 -0.000004
-16.783217 -0.060484 -0.000004
-16.743257 -0.060631 -0.000004
-16.703297 -0.060778 -0.000004
-16.663337 -0.060926 -0.000004
-16.623377 -0.061075 -0.000004
-16.583417 -0.061224 -0.000004
-16.543457 -0.061374 -0.000004
-16.503497 -0.061525 -0.000004
-16.463536 -0.061677 -0.000004
-16.423576 -0.061829 -0.000004
-16.383616 -0.061982 -0.000004
-16.343656 -0.062136 -0.000004
-16.303696 -0.062291 -0.000004
-16.263736 -0.062446 -0.000004
-16.223776 -0.062603 -0.000004
-16.183816 -0.062760 -0.000004
-16.143856 -0.062917 -0.000004
-16.103896 -0.063076 -0.000004
-16.063936 -0.063235 -0.000004
-16.023976 -0.063396 -0.000004
-15.984016 -0.063557 -0.000004
-15.944056 -0.063718 -0.000004
-15.904096 -0.063881 -0.000004
-15.864136 -0.064045 -0.000004
-15.824176 -0.064209 -0.000004
-15.784216 -0.064374 -0.000004
-15.744256 -0.064540 -0.000004
-15.704296 -0.064707 -0.000004
-15.664336 -0.064875 -0.000004
-15.624376 -0.065043 -0.000004
-15.584416 -0.065213 -0.000004
-15.544456 -0.065383 -0.000004
-15.504496 -0.065554 -0.000004
-15.464535 -0.065727 -0.000004
-15.424575 -0.065900 -0.000004
-15.384615 -0.066074 -0.000004
-15.344655 -0.066249 -0.000004
-15.304695 -0.066424 -0.000004
-15.264735 -0.066601 -0.000004
-15.224775 -0.066779 -0.000004
-15.184815 -0.066958 -0.000004
-15.144855 -0.067137 -0.000005
-15.104895 -0.067318 -0.000005
-15.064935 -0.067499 -0.000005
-15.024975 -0.067682 -0.000005
-14.985015 -0.067866 -0.000005
-14.945055 -0.068050 -0.000005
-14.905095 -0.068236 -0.000005
-14.865135 -0.068422 -0.000005
-14.825175 -0.068610 -0.000005
-14.785215 -0.068798 -0.000005
-14.745255 -0.068988 -0.000005
-14.705295 -0.069179 -0.000005
-14.665335 -0.069371 -0.000005
-14.625375 -0.069563 -0.000005
-14.585415 -0.069757 -0.000005
-14.545455 -0.069952 -0.000005
-14.505495 -0.070148 -0.000005
-14.465534 -0.070346 -0.000005
-14.425574 -0.070544 -0.000005
-14.385614 -0.070743 -0.000005
-14.345654 -0.070944 -0.000005
-14.305694 -0.071146 -0.000005
-14.265734 -0.071348 -0.000005
-14.225774 -0.071552 -0.000005
-14.185814 -0.071758 -0.000005
-14.145854 -0.071964 -0.000005
-14.105894 -0.072171 -0.000005
-14.065934 -0.072380 -0.000005
-14.025974 -0.072590 -0.000005
-13.986014 -0.072801 -0.000005
-13.946054 -0.073014 -0.000005
-13.906094 -0.073227 -0.000005
-13.866134 -0.073442 -0.000005
-13.826174 -0.073658 -0.000005
-13.786214 -0.073876 -0.000005
-13.746254 -0.074095 -0.000005
-13.706294 -0.074315 -0.000006
-13.666334 -0.074536 -0.000006
-13.626374 -0.074759 -0.000006
-13.586414 -0.074983 -0.000006
-13.546454 -0.075208 -0.000006
-13.506494 -0.075435 -0.000006
-13.466533 -0.075663 -0.000006
-13.426573 -0.075892 -0.000006
-13.386613 -0.076123 -0.000006
-13.346653 -0.076355 -0.000006
-13.306693 -0.076589 -0.000006
-13.266733 -0.076824 -0.000006
-13.226773 -0.077061 -0.000006
-13.186813 -0.077299 -0.000006
-13.146853 -0.077538 -0.000006
-13.106893 -0.077779 -0.000006
-13.066933 -0.078022 -0.000006
-13.026973 -0.078266 -0.000006
-12.987013 -0.078511 -0.000006
-12.947053 -0.078758 -0.000006
-12.907093 -0.079007 -0.000006
-12.867133 -0.079257 -0.000006
-12.827173 -0.079509 -0.000006
-12.787213 -0.079763 -0.000006
-12.747253 -0.080018 -0.000006
-12.707293 -0.080274 -0.000006
-12.667333 -0.080533 -0.000006
-12.627373 -0.080793 -0.000007
-12.587413 -0.081054 -0.000007
-12.547453 -0.081318 -0.000007
-12.507493 -0.081583 -0.000007
-12.467532 -0.081850 -0.000007
-12.427572 -0.082118 -0.000007
-12.387612 -0.082389 -0.000007
-12.347652 -0.082661 -0.000007
-12.307692 -0.082935 -0.000007
-12.267732 -0.083210 -0.000007
-12.227772 -0.083488 -0.000007
-12.187812 -0.083767 -0.000007
-12.147852 -0.084049 -0.000007
-12.107892 -0.084332 -0.000007
-12.067932 -0.084617 -0.000007
-12.027972 -0.084904 -0.000007
-11.988012 -0.085193 -0.000007
-11.948052 -0.085484 -0.000007
-11.908092 -0.085777 -0.000007
-11.868132 -0.086072 -0.000007
-11.828172 -0.086369 -0.000007
-11.788212 -0.086669 -0.000008
-11.748252 -0.086970 -0.000008
-11.708292 -0.087273 -0.000008
-11.668332 -0.087578 -0.000008
-11.628372 -0.087886 -0.000008
-11.588412 -0.088196 -0.000008
-11.548452 -0.088508 -0.000008
-11.508492 -0.088822 -0.000008
-11.468531 -0.089138 -0.000008
-11.428571 -0.089457 -0.000008
-11.388611 -0.089778 -0.000008
-11.348651 -0.090101 -0.000008
-11.308691 -0.090427 -0.000008
-11.268731 -0.090755 -0.000008
-11.228771 -0.091085 -0.000008
-11.188811 -0.091418 -0.000008
-11.148851 -0.091753 -0.000008
-11.108891 -0.092090 -0.000008
-11.068931 -0.092431 -0.000009
-11.028971 -0.092773 -0.000009
-10.989011 -0.093118 -0.000009
-10.949051 -0.093466 -0.000009
-10.909091 -0.093817 -0.000009
-10.869131 -0.094170 -0.000009
-10.829171 -0.094525 -0.000009
-10.789211 -0.094884 -0.000009
-10.749251 -0.095245 -0.000009
-10.709291 -0.095609 -0.000009
-10.669331 -0.095975 -0.000009
-10.629371 -0.096345 -0.000009
-10.589411 -0.096717 -0.000009
-10.549451 -0.097093 -0.000009
-10.509491 -0.097471 -0.000010
-10.469530 -0.097852 -0.000010
-10.429570 -0.098236 -0.000010
-10.389610 -0.098623 -0.000010
-10.349650 -0.099013 -0.000010
-10.309690 -0.099407 -0.000010
-10.269730 -0.099803 -0.000010
-10.229770 -0.100203 -0.000010
-10.189810 -0.100606 -0.000010
-10.149850 -0.101012 -0.000010
-10.109890 -0.101421 -0.000010
-10.069930 -0.101834 -0.000010
-10.029970 -0.102250 -0.000010
-9.990010 -0.102669 -0.000011
-9.950050 -0.103092 -0.000011
-9.910090 -0.103519 -0.000011
-9.870130 -0.103949 -0.000011
-9.830170 -0.104382 -0.000011
-9.790210 -0.104819 -0.000011
-9.750250 -0.105260 -0.000011
-9.710290 -0.105705 -0.000011
-9.670330 -0.106153 -0.000011
-9.630370 -0.106606 -0.000011
-9.590410 -0.107062 -0.000011
-9.550450 -0.107522 -0.000012
-9.510490 -0.107986 -0.000012
-9.470529 -0.108454 -0.000012
-9.430569 -0.108926 -0.000012
-9.390609 -0.109402 -0.000012
-9.350649 -0.109882 -0.000012
-9.310689 -0.110367 -0.000012
-9.270729 -0.110856 -0.000012
-9.230769 -0.111349 -0.000012
-9.190809 -0.111847 -0.000013
-9.150849 -0.112349 -0.000013
-9.110889 -0.112855 -0.000013
-9.070929 -0.113367 -0.000013
-9.030969 -0.113883 -0.000013
-8.991009 -0.114403 -0.000013
-8.951049 -0.114929 -0.000013
-8.911089 -0.115459 -0.000013
-8.871129 -0.115994 -0.000013
-8.831169 -0.116534 -0.000014
-8.791209 -0.117079 -0.000014
-8.751249 -0.117630 -0.000014
-8.711289 -0.118185 -0.000014
-8.671329 -0.118746 -0.000014
-8.631369 -0.119312 -0.000014
-8.591409 -0.119884 -0.000014
-8.551449 -0.120461 -0.000015
-8.511489 -0.121044 -0.000015
-8.471528 -0.121632 -0.000015
-8.431568 -0.122226 -0.000015
-8.391608 -0.122826 -0.000015
-8.351648 -0.123432 -0.000015
-8.311688 -0.124043 -0.000015
-8.271728 -0.124661 -0.000016
-8.231768 -0.125286 -0.000016
-8.191808 -0.125916 -0.000016
-8.151848 -0.126553 -0.000016
-8.111888 -0.127196 -0.000016
-8.071928 -0.127846 -0.000016
-8.031968 -0.128502 -0.000017
-7.992008 -0.129165 -0.000017
-7.952048 -0.129836 -0.000017
-7.912088 -0.130513 -0.000017
-7.872128 -0.131197 -0.000017
-7.832168 -0.131888 -0.000017
-7.792208 -0.132587 -0.000018
-7.752248 -0.133293 -0.000018
-7.712288 -0.134007 -0.000018
-7.672328 -0.134729 -0.000018
-7.632368 -0.135458 -0.000018
-7.592408 -0.136195 -0.000019
-7.552448 -0.136940 -0.000019
-7.512488 -0.137694 -0.000019
-7.472527 -0.138456 -0.000019
-7.432567 -0.139226 -0.000019
-7.392607 -0.140005 -0.000020
-7.352647 -0.140793 -0.000020
-7.312687 -0.141589 -0.000020
-7.272727 -0.142395 -0.000020
-7.232767 -0.143210 -0.000021
-7.192807 -0.144034 -0.000021
-7.152847 -0.144868 -0.000021
-7.112887 -0.145711 -0.000021
-7.072927 -0.146565 -0.000021
-7.032967 -0.147428 -0.000022
-6.993007 -0.148302 -0.000022
-6.953047 -0.149186 -0.000022
-6.913087 -0.150081 -0.000023
-6.873127 -0.150986 -0.000023
-6.833167 -0.151903 -0.000023
-6.793207 -0.152830 -0.000023
-6.753247 -0.153769 -0.000024
-6.713287 -0.154720 -0.000024
-6.673327 -0.155683 -0.000024
-6.633367 -0.156657 -0.000025
-6.593407 -0.157644 -0.000025
-6.553447 -0.158643 -0.000025
-6.513487 -0.159655 -0.000025
-6.473526 -0.160681 -0.000026
-6.433566 -0.161719 -0.000026
-6.393606 -0.162771 -0.000026
-6.353646 -0.163836 -0.000027
-6.313686 -0.164916 -0.000027
-6.273726 -0.166010 -0.000028
-6.233766 -0.167119 -0.000028
-6.193806 -0.168242 -0.000028
-6.153846 -0.169381 -0.000029
-6.113886 -0.170535 -0.000029
-6.073926 -0.171705 -0.000029
-6.033966 -0.172892 -0.000030
-5.994006 -0.174095 -0.000030
-5.954046 -0.175314 -0.000031
-5.914086 -0.176551 -0.000031
-5.874126 -0.177805 -0.000032
-5.834166 -0.179078 -0.000032
-5.794206 -0.180368 -0.000033
-5.754246 -0.181678 -0.000033
-5.714286 -0.183007 -0.000033
-5.674326 -0.184355 -0.000034
-5.634366 -0.185723 -0.000034
-5.594406 -0.187112 -0.000035
-5.554446 -0.188521 -0.000036
-5.514486 -0.189952 -0.000036
-5.474525 -0.191405 -0.000037
-5.434565 -0.192880 -0.000037
-5.394605 -0.194378 -0.000038
-5.354645 -0.195900 -0.000038
-5.314685 -0.197446 -0.000039
-5.274725 -0.199016 -0.000040
-5.234765 -0.200611 -0.000040
-5.194805 -0.202232 -0.000041
-5.154845 -0.203880 -0.000042
-5.114885 -0.205555 -0.000042
-5.074925 -0.207257 -0.000043
-5.034965 -0.208988 -0.000044
-4.995005 -0.210748 -0.000044
-4.955045 -0.212538 -0.000045
-4.915085 -0.214358 -0.000046
-4.875125 -0.216210 -0.000047
-4.835165 -0.218095 -0.000048
-4.795205 -0.220012 -0.000048
-4.755245 -0.221964 -0.000049
-4.715285 -0.223950 -0.000050
-4.675325 -0.225972 -0.000051
-4.635365 -0.228031 -0.000052
-4.595405 -0.230128 -0.000053
-4.555445 -0.232264 -0.000054
-4.515485 -0.234440 -0.000055
-4.475524 -0.236657 -0.000056
-4.435564 -0.238916 -0.000057
-4.395604 -0.241219 -0.000058
-4.355644 -0.243567 -0.000059
-4.315684 -0.245961 -0.000060
-4.275724 -0.248402 -0.000062
-4.235764 -0.250893 -0.000063
-4.195804 -0.253434 -0.000064
-4.155844 -0.256027 -0.000066
-4.115884 -0.258673 -0.000067
-4.075924 -0.261375 -0.000068
-4.035964 -0.264133 -0.000070
-3.996004 -0.266951 -0.000071
-3.956044 -0.269829 -0.000073
-3.916084 -0.272771 -0.000074
-3.876124 -0.275777 -0.000076
-3.836164 -0.278849 -0.000078
-3.796204 -0.281992 -0.000080
-3.756244 -0.285205 -0.000081
-3.716284 -0.288493 -0.000083
-3.676324 -0.291858 -0.000085
-3.636364 -0.295302 -0.000087
-3.596404 -0.298828 -0.000089
-3.556444 -0.302440 -0.000091
-3.516484 -0.306140 -0.000094
-3.476523 -0.309931 -0.000096
-3.436563 -0.313818 -0.000098
-3.396603 -0.317803 -0.000101
-3.356643 -0.321891 -0.000104
-3.316683 -0.326085 -0.000106
-3.276723 -0.330390 -0.000109
-3.236763 -0.334811 -0.000112
-3.196803 -0.339351 -0.000115
-3.156843 -0.344016 -0.000118
-3.116883 -0.348811 -0.000122
-3.076923 -0.353741 -0.000125
-3.036963 -0.358813 -0.000129
-2.997003 -0.364033 -0.000133
-2.957043 -0.369407 -0.000136
-2.917083 -0.374941 -0.000141
-2.877123 -0.380644 -0.000145
-2.837163 -0.386524 -0.000149
-2.797203 -0.392587 -0.000154
-2.757243 -0.398844 -0.000159
-2.717283 -0.405304 -0.000164
-2.677323 -0.411976 -0.000170
-2.637363 -0.418872 -0.000175
-2.597403 -0.426003 -0.000181
-2.557443 -0.433380 -0.000188
-2.517483 -0.441018 -0.000194
-2.477522 -0.448929 -0.000202
-2.437562 -0.457130 -0.000209
-2.397602 -0.465635 -0.000217
-2.357642 -0.474464 -0.000225
-2.317682 -0.483633 -0.000234
-2.277722 -0.493164 -0.000243
-2.237762 -0.503078 -0.000253
-2.197802 -0.513399 -0.000264
-2.157842 -0.524152 -0.000275
-2.117882 -0.535366 -0.000287
-2.077922 -0.547069 -0.000299
-2.037962 -0.559296 -0.000313
-1.998002 -0.572082 -0.000327
-1.958042 -0.585466 -0.000343
-1.918082 -0.599491 -0.000359
-1.878122 -0.614204 -0.000377
-1.838162 -0.629659 -0.000396
-1.798202 -0.645910 -0.000417
-1.758242 -0.663023 -0.000440
-1.718282 -0.681068 -0.000464
-1.678322 -0.700122 -0.000490
-1.638362 -0.720273 -0.000519
-1.598402 -0.741618 -0.000550
-1.558442 -0.764268 -0.000584
-1.518482 -0.788344 -0.000621
-1.478521 -0.813986 -0.000663
-1.438561 -0.841353 -0.000708
-1.398601 -0.870623 -0.000758
-1.358641 -0.902004 -0.000814
-1.318681 -0.935732 -0.000876
-1.278721 -0.972080 -0.000945
-1.238761 -1.011365 -0.001023
-1.198801 -1.053960 -0.001111
-1.158841 -1.100301 -0.001211
-1.118881 -1.150904 -0.001325
-1.078921 -1.206386 -0.001455
-1.038961 -1.267488 -0.001607
-0.999001 -1.335109 -0.001783
-0.959041 -1.410353 -0.001989
-0.919081 -1.494584 -0.002234
-0.879121 -1.589516 -0.002527
-0.839161 -1.697324 -0.002881
-0.799201 -1.820822 -0.003315
-0.759241 -1.963700 -0.003856
-0.719281 -2.130911 -0.004541
-0.679321 -2.329249 -0.005425
-0.639361 -2.568296 -0.006596
-0.599401 -2.862021 -0.008191
-0.559441 -3.231605 -0.010443
-0.519481 -3.710792 -0.013770
-0.479520 -4.356827 -0.018982
-0.439560 -5.275216 -0.027829
-0.399600 -6.684175 -0.044680
-0.359640 -9.119970 -0.083181
-0.319680 -14.348299 -0.205916
-0.279720 -33.609009 -1.130844
-0.239760 96.735947 -9.447091
-0.199800 19.912496 -0.396665
-0.159840 11.090048 -0.123004
-0.119880 7.684767 -0.059059
-0.079920 5.879386 -0.034568
-0.039960 4.760891 -0.022667
